<?xml version="1.0" encoding="UTF-8"?>
<!-- Generated by org.testng.reporters.JUnitReportReporter -->
<testsuite hostname="LAPTOP-ANRIAA7T" name="testscripts.TestScrippts" tests="8" failures="0" timestamp="29 Jul 2020 21:19:21 GMT" time="150.978" errors="0">
  <testcase name="checkTheCount" time="11.463" classname="testscripts.TestScrippts"/>
  <testcase name="addToCart" time="23.782" classname="testscripts.TestScrippts"/>
  <testcase name="alltestcases" time="17.344" classname="testscripts.TestScrippts"/>
  <testcase name="specialCollections" time="31.810" classname="testscripts.TestScrippts"/>
  <testcase name="checkLogoText" time="13.187" classname="testscripts.TestScrippts"/>
  <testcase name="aboutCompanyDetails" time="17.579" classname="testscripts.TestScrippts"/>
  <testcase name="contactStore" time="20.279" classname="testscripts.TestScrippts"/>
  <testcase name="createAnAccount" time="15.534" classname="testscripts.TestScrippts"/>
</testsuite> <!-- testscripts.TestScrippts -->
